<html>
<head>
<title>TestNG:  Cucumber Test</title>
<link href="../testng.css" rel="stylesheet" type="text/css" />
<link href="../my-testng.css" rel="stylesheet" type="text/css" />

<style type="text/css">
.log { display: none;} 
.stack-trace { display: none;} 
</style>
<script type="text/javascript">
<!--
function flip(e) {
  current = e.style.display;
  if (current == 'block') {
    e.style.display = 'none';
    return 0;
  }
  else {
    e.style.display = 'block';
    return 1;
  }
}

function toggleBox(szDivId, elem, msg1, msg2)
{
  var res = -1;  if (document.getElementById) {
    res = flip(document.getElementById(szDivId));
  }
  else if (document.all) {
    // this is the way old msie versions work
    res = flip(document.all[szDivId]);
  }
  if(elem) {
    if(res == 0) elem.innerHTML = msg1; else elem.innerHTML = msg2;
  }

}

function toggleAllBoxes() {
  if (document.getElementsByTagName) {
    d = document.getElementsByTagName('div');
    for (i = 0; i < d.length; i++) {
      if (d[i].className == 'log') {
        flip(d[i]);
      }
    }
  }
}

// -->
</script>

</head>
<body>
<h2 align='center'>Cucumber Test</h2><table border='1' align="center">
<tr>
<td>Tests passed/Failed/Skipped:</td><td>1/4/0</td>
</tr><tr>
<td>Started on:</td><td>Mon Dec 19 17:11:13 EST 2022</td>
</tr>
<tr><td>Total time:</td><td>129 seconds (129257 ms)</td>
</tr><tr>
<td>Included groups:</td><td></td>
</tr><tr>
<td>Excluded groups:</td><td></td>
</tr>
</table><p/>
<small><i>(Hover the method name to see the test class name)</i></small><p/>
<table width='100%' border='1' class='invocation-failed'>
<tr><td colspan='4' align='center'><b>FAILED TESTS</b></td></tr>
<tr><td><b>Test method</b></td>
<td width="30%"><b>Exception</b></td>
<td width="10%"><b>Time (seconds)</b></td>
<td><b>Instance</b></td>
</tr>
<tr>
<td title='runners.CucumberRunnerRegression.runScenario()'><b>runScenario</b><br>Test class: runners.CucumberRunnerRegression<br>Test method: Runs Cucumber Scenarios<br>Parameters: "Navigate to "New Releases" module", "Optional[Navigate to Application and login]"</td>
<td><div><pre>java.lang.AssertionError: expected [true] but found [false]
	at commonUtilities.Screenshot.logFail(Screenshot.java:40)
	at commonUtilities.GenericMethods.clickElement(GenericMethods.java:25)
	at pages.HomePage.clickOnAllDropdownButton(HomePage.java:24)
	at stepdefinitions.Home_Stepdef.userClickOnAllButton(Home_Stepdef.java:36)
	at ?.user click All button(file:///C:/Users/yunus/eclipse-AutomationProject/AutomationProject/src/test/java/features/login.feature:28)
... Removed 4 stack frames</pre></div><a href='#' onClick='toggleBox("stack-trace992457879", this, "Click to show all stack frames", "Click to hide stack frames")'>Click to show all stack frames</a>
<div class='stack-trace' id='stack-trace992457879'><pre>java.lang.AssertionError: expected [true] but found [false]
	at org.testng.Assert.fail(Assert.java:99)
	at org.testng.Assert.failNotEquals(Assert.java:1037)
	at org.testng.Assert.assertTrue(Assert.java:45)
	at org.testng.Assert.assertTrue(Assert.java:55)
	at commonUtilities.Screenshot.logFail(Screenshot.java:40)
	at commonUtilities.GenericMethods.clickElement(GenericMethods.java:25)
	at pages.HomePage.clickOnAllDropdownButton(HomePage.java:24)
	at stepdefinitions.Home_Stepdef.userClickOnAllButton(Home_Stepdef.java:36)
	at ?.user click All button(file:///C:/Users/yunus/eclipse-AutomationProject/AutomationProject/src/test/java/features/login.feature:28)
</pre></div></td>
<td>21</td>
<td>runners.CucumberRunnerRegression@27462a88</td></tr>
<tr>
<td title='runners.CucumberRunnerRegression.runScenario()'><b>runScenario</b><br>Test class: runners.CucumberRunnerRegression<br>Test method: Runs Cucumber Scenarios<br>Parameters: "test", "Optional[Navigate to Application and login]"</td>
<td><div><pre>java.lang.AssertionError: expected [true] but found [false]
	at commonUtilities.Screenshot.logFail(Screenshot.java:40)
	at pages.LoginPage.loginWithValidCredentials(LoginPage.java:47)
	at stepdefinitions.Login_Stepdef.userLoggedInWithValidCredentials(Login_Stepdef.java:29)
	at ?.user logged in with valid credentials(file:///C:/Users/yunus/eclipse-AutomationProject/AutomationProject/src/test/java/features/login.feature:42)
... Removed 4 stack frames</pre></div><a href='#' onClick='toggleBox("stack-trace658781536", this, "Click to show all stack frames", "Click to hide stack frames")'>Click to show all stack frames</a>
<div class='stack-trace' id='stack-trace658781536'><pre>java.lang.AssertionError: expected [true] but found [false]
	at org.testng.Assert.fail(Assert.java:99)
	at org.testng.Assert.failNotEquals(Assert.java:1037)
	at org.testng.Assert.assertTrue(Assert.java:45)
	at org.testng.Assert.assertTrue(Assert.java:55)
	at commonUtilities.Screenshot.logFail(Screenshot.java:40)
	at pages.LoginPage.loginWithValidCredentials(LoginPage.java:47)
	at stepdefinitions.Login_Stepdef.userLoggedInWithValidCredentials(Login_Stepdef.java:29)
	at ?.user logged in with valid credentials(file:///C:/Users/yunus/eclipse-AutomationProject/AutomationProject/src/test/java/features/login.feature:42)
</pre></div></td>
<td>41</td>
<td>runners.CucumberRunnerRegression@27462a88</td></tr>
<tr>
<td title='runners.CucumberRunnerRegression.runScenario()'><b>runScenario</b><br>Test class: runners.CucumberRunnerRegression<br>Test method: Runs Cucumber Scenarios<br>Parameters: "User login with valid credentials", "Optional[Navigate to Application and login]"</td>
<td><div><pre>java.lang.AssertionError: expected [true] but found [false]
	at commonUtilities.Screenshot.logFail(Screenshot.java:40)
	at pages.LoginPage.loginWithValidCredentials(LoginPage.java:47)
	at stepdefinitions.Login_Stepdef.userLoggedInWithValidCredentials(Login_Stepdef.java:29)
	at ?.user logged in with valid credentials(file:///C:/Users/yunus/eclipse-AutomationProject/AutomationProject/src/test/java/features/login.feature:38)
... Removed 4 stack frames</pre></div><a href='#' onClick='toggleBox("stack-trace457245448", this, "Click to show all stack frames", "Click to hide stack frames")'>Click to show all stack frames</a>
<div class='stack-trace' id='stack-trace457245448'><pre>java.lang.AssertionError: expected [true] but found [false]
	at org.testng.Assert.fail(Assert.java:99)
	at org.testng.Assert.failNotEquals(Assert.java:1037)
	at org.testng.Assert.assertTrue(Assert.java:45)
	at org.testng.Assert.assertTrue(Assert.java:55)
	at commonUtilities.Screenshot.logFail(Screenshot.java:40)
	at pages.LoginPage.loginWithValidCredentials(LoginPage.java:47)
	at stepdefinitions.Login_Stepdef.userLoggedInWithValidCredentials(Login_Stepdef.java:29)
	at ?.user logged in with valid credentials(file:///C:/Users/yunus/eclipse-AutomationProject/AutomationProject/src/test/java/features/login.feature:38)
</pre></div></td>
<td>41</td>
<td>runners.CucumberRunnerRegression@27462a88</td></tr>
<tr>
<td title='runners.CucumberRunnerRegression.runScenario()'><b>runScenario</b><br>Test class: runners.CucumberRunnerRegression<br>Test method: Runs Cucumber Scenarios<br>Parameters: "Navigate to "Best Sellers" module", "Optional[Navigate to Application and login]"</td>
<td><div><pre>java.lang.AssertionError: expected [true] but found [false]
	at commonUtilities.Screenshot.logFail(Screenshot.java:40)
	at commonUtilities.GenericMethods.clickElement(GenericMethods.java:25)
	at pages.HomePage.clickOnAllDropdownButton(HomePage.java:24)
	at stepdefinitions.Home_Stepdef.userClickOnAllButton(Home_Stepdef.java:36)
	at ?.user click All button(file:///C:/Users/yunus/eclipse-AutomationProject/AutomationProject/src/test/java/features/login.feature:28)
... Removed 4 stack frames</pre></div><a href='#' onClick='toggleBox("stack-trace560858993", this, "Click to show all stack frames", "Click to hide stack frames")'>Click to show all stack frames</a>
<div class='stack-trace' id='stack-trace560858993'><pre>java.lang.AssertionError: expected [true] but found [false]
	at org.testng.Assert.fail(Assert.java:99)
	at org.testng.Assert.failNotEquals(Assert.java:1037)
	at org.testng.Assert.assertTrue(Assert.java:45)
	at org.testng.Assert.assertTrue(Assert.java:55)
	at commonUtilities.Screenshot.logFail(Screenshot.java:40)
	at commonUtilities.GenericMethods.clickElement(GenericMethods.java:25)
	at pages.HomePage.clickOnAllDropdownButton(HomePage.java:24)
	at stepdefinitions.Home_Stepdef.userClickOnAllButton(Home_Stepdef.java:36)
	at ?.user click All button(file:///C:/Users/yunus/eclipse-AutomationProject/AutomationProject/src/test/java/features/login.feature:28)
</pre></div></td>
<td>24</td>
<td>runners.CucumberRunnerRegression@27462a88</td></tr>
</table><p>
<table width='100%' border='1' class='invocation-passed'>
<tr><td colspan='4' align='center'><b>PASSED TESTS</b></td></tr>
<tr><td><b>Test method</b></td>
<td width="30%"><b>Exception</b></td>
<td width="10%"><b>Time (seconds)</b></td>
<td><b>Instance</b></td>
</tr>
<tr>
<td title='runners.CucumberRunnerRegression.runScenario()'><b>runScenario</b><br>Test class: runners.CucumberRunnerRegression<br>Test method: Runs Cucumber Scenarios<br>Parameters: "teardown", "Optional[Navigate to Application and login]"</td>
<td></td>
<td>0</td>
<td>runners.CucumberRunnerRegression@27462a88</td></tr>
</table><p>
</body>
</html>