<?xml version="1.0" encoding="UTF-8"?>
<!-- Generated by org.testng.reporters.JUnitXMLReporter -->
<testsuite ignored="0" hostname="DESKTOP-F19DPLC" failures="1" tests="2" name="Cucumber Test" time="24.226" errors="0" timestamp="2022-12-10T19:24:00 EST">
  <testcase classname="io.cucumber.testng.AbstractTestNGCucumberTests" name="runScenario" time="23.632">
    <failure type="java.lang.AssertionError" message="expected [true] but found [false]">
      <![CDATA[java.lang.AssertionError: expected [true] but found [false]
at commonUtilities.GenericMethods.clickElement(GenericMethods.java:39)
at pages.HomePage.clickOnAllDropdownButton1(HomePage.java:27)
at stepdefinitions.Home_Stepdef.userClickOnHomeButton1(Home_Stepdef.java:32)
at âœ½.user click on home button1(file:///C:/Users/yunus/eclipse-AutomationProject/AutomationProject/src/test/java/features/login.feature:29)
... Removed 4 stack frames]]>
    </failure>
  </testcase> <!-- runScenario -->
  <testcase classname="io.cucumber.testng.AbstractTestNGCucumberTests" name="runScenario" time="0.344"/>
</testsuite> <!-- Cucumber Test -->
