<?xml version="1.0" encoding="UTF-8"?>
<!-- Generated by org.testng.reporters.JUnitReportReporter -->
<testsuite hostname="DESKTOP-F19DPLC" failures="1" tests="4" name="runners.CucumberRunnerSequenceMemory" time="159.031" errors="0" timestamp="2023-02-28T11:09:39 EST" skipped="0">
  <testcase classname="runners.CucumberRunnerSequenceMemory" name="runScenario" time="0.362"/>
  <system-out/>
  <testcase classname="runners.CucumberRunnerSequenceMemory" name="runScenario" time="2.291"/>
  <system-out/>
  <testcase classname="runners.CucumberRunnerSequenceMemory" name="runScenario" time="153.870">
    <failure message="expected [true] but found [false]" type="java.lang.AssertionError">
      <![CDATA[java.lang.AssertionError: expected [true] but found [false]
at org.testng.Assert.fail(Assert.java:99)
at org.testng.Assert.failNotEquals(Assert.java:1037)
at org.testng.Assert.assertTrue(Assert.java:45)
at org.testng.Assert.assertTrue(Assert.java:55)
at commonUtilities.Screenshot.logFail(Screenshot.java:40)
at pages.SequenceMemoryPage.completeSequenceMemoryTest(SequenceMemoryPage.java:82)
at stepdefinitions.SequenceMemory_Stepdef.userCompleteSequenceMemoryTest(SequenceMemory_Stepdef.java:22)
at âœ½.user complete Sequence Memory Test(file:///C:/Users/yunus/git/HumanBenchMarkAutomation/src/test/java/features/sequence_memory.feature:31)
]]>
    </failure>
  </testcase> <!-- runScenario -->
  <system-out/>
  <testcase classname="runners.CucumberRunnerSequenceMemory" name="runScenario" time="2.508"/>
  <system-out/>
</testsuite> <!-- runners.CucumberRunnerSequenceMemory -->
