<?xml version="1.0" encoding="UTF-8"?>
<!-- Generated by org.testng.reporters.JUnitReportReporter -->
<testsuite hostname="DESKTOP-F19DPLC" failures="1" tests="2" name="runners.CucumberRunnerChimpTest" time="24.885" errors="0" timestamp="2023-07-03T12:24:39 EDT" skipped="0">
  <testcase classname="runners.CucumberRunnerChimpTest" name="runScenario" time="20.578"/>
  <system-out/>
  <testcase classname="runners.CucumberRunnerChimpTest" name="runScenario" time="4.307">
    <failure message="expected [true] but found [false]" type="java.lang.AssertionError">
      <![CDATA[java.lang.AssertionError: expected [true] but found [false]
at org.testng.Assert.fail(Assert.java:99)
at org.testng.Assert.failNotEquals(Assert.java:1037)
at org.testng.Assert.assertTrue(Assert.java:45)
at org.testng.Assert.assertTrue(Assert.java:55)
at commonUtilities.Screenshot.logFail(Screenshot.java:40)
at commonUtilities.GenericMethods.clickElement(GenericMethods.java:40)
at pages.HomePage.navigateToHomePage(HomePage.java:81)
at stepdefinitions.Home_Stepdef.userNavigateToHomePage(Home_Stepdef.java:36)
at âœ½.user navigates to home page(file:///C:/Users/yunus/git/HumanBenchMarkAutomation/src/test/java/features/chimp_test.feature:28)
]]>
    </failure>
  </testcase> <!-- runScenario -->
  <system-out/>
</testsuite> <!-- runners.CucumberRunnerChimpTest -->
