<?xml version="1.0" encoding="UTF-8"?>
<!-- Generated by org.testng.reporters.JUnitReportReporter -->
<testsuite hostname="DESKTOP-F19DPLC" failures="1" tests="2" name="runners.CucumberRunner" time="23.976" errors="0" timestamp="2022-12-10T19:24:00 EST" skipped="0">
  <testcase classname="runners.CucumberRunner" name="runScenario" time="0.344"/>
  <system-out/>
  <testcase classname="runners.CucumberRunner" name="runScenario" time="23.632">
    <failure message="expected [true] but found [false]" type="java.lang.AssertionError">
      <![CDATA[java.lang.AssertionError: expected [true] but found [false]
at org.testng.Assert.fail(Assert.java:99)
at org.testng.Assert.failNotEquals(Assert.java:1037)
at org.testng.Assert.assertTrue(Assert.java:45)
at org.testng.Assert.assertTrue(Assert.java:55)
at commonUtilities.GenericMethods.clickElement(GenericMethods.java:39)
at pages.HomePage.clickOnAllDropdownButton1(HomePage.java:27)
at stepdefinitions.Home_Stepdef.userClickOnHomeButton1(Home_Stepdef.java:32)
at âœ½.user click on home button1(file:///C:/Users/yunus/eclipse-AutomationProject/AutomationProject/src/test/java/features/login.feature:29)
]]>
    </failure>
  </testcase> <!-- runScenario -->
  <system-out/>
</testsuite> <!-- runners.CucumberRunner -->
